# JRE version: OpenJDK Runtime Environment (17.0.6) (build 17.0.6+0-b2043.56-10027231)
# Java VM: OpenJDK 64-Bit Server VM (17.0.6+0-b2043.56-10027231, mixed mode, tiered, compressed oops, compressed class ptrs, g1 gc, windows-amd64)
GC Precious Log:
 CPUs: 4 total, 4 available
 Memory: 3971M
 Large Page Support: Disabled
 NUMA Support: Disabled
 Compressed Oops: Enabled (32-bit)
 Heap Region Size: 1M
 Heap Min Capacity: 8M
 Heap Initial Capacity: 64M
 Heap Max Capacity: 2G
 Pre-touch: Disabled
 Parallel Workers: 4
 Concurrent Workers: 1
 Concurrent Refinement Workers: 4
 Periodic GC: Disabled
Heap:
 garbage-first heap   total 465920K, used 411264K [0x0000000080000000, 0x0000000100000000)
  region size 1024K, 3 young (3072K), 3 survivors (3072K)
 Metaspace       used 189769K, committed 190848K, reserved 1220608K
  class space    used 24448K, committed 24960K, reserved 1048576K
GC Heap History (20 events):
Event: 5557.291 GC heap after
{Heap after GC invocations=63 (full 0):
 garbage-first heap   total 397312K, used 309300K [0x0000000080000000, 0x0000000100000000)
  region size 1024K, 3 young (3072K), 3 survivors (3072K)
 Metaspace       used 179846K, committed 180992K, reserved 1212416K
  class space    used 22944K, committed 23488K, reserved 1048576K
}
Event: 5557.779 GC heap before
{Heap before GC invocations=63 (full 0):
 garbage-first heap   total 397312K, used 344116K [0x0000000080000000, 0x0000000100000000)
  region size 1024K, 38 young (38912K), 3 survivors (3072K)
 Metaspace       used 180813K, committed 181888K, reserved 1212416K
  class space    used 23078K, committed 23616K, reserved 1048576K
}
Event: 5557.787 GC heap after
{Heap after GC invocations=64 (full 0):
 garbage-first heap   total 397312K, used 308758K [0x0000000080000000, 0x0000000100000000)
  region size 1024K, 2 young (2048K), 2 survivors (2048K)
 Metaspace       used 180813K, committed 181888K, reserved 1212416K
  class space    used 23078K, committed 23616K, reserved 1048576K
}
Event: 5559.105 GC heap before
{Heap before GC invocations=64 (full 0):
 garbage-first heap   total 397312K, used 345622K [0x0000000080000000, 0x0000000100000000)
  region size 1024K, 39 young (39936K), 2 survivors (2048K)
 Metaspace       used 181986K, committed 183040K, reserved 1212416K
  class space    used 23220K, committed 23744K, reserved 1048576K
}
Event: 5559.118 GC heap after
{Heap after GC invocations=65 (full 0):
 garbage-first heap   total 397312K, used 311798K [0x0000000080000000, 0x0000000100000000)
  region size 1024K, 5 young (5120K), 5 survivors (5120K)
 Metaspace       used 181986K, committed 183040K, reserved 1212416K
  class space    used 23220K, committed 23744K, reserved 1048576K
}
Event: 5559.651 GC heap before
{Heap before GC invocations=65 (full 0):
 garbage-first heap   total 397312K, used 345590K [0x0000000080000000, 0x0000000100000000)
  region size 1024K, 39 young (39936K), 5 survivors (5120K)
 Metaspace       used 182876K, committed 184000K, reserved 1212416K
  class space    used 23337K, committed 23872K, reserved 1048576K
}
Event: 5559.670 GC heap after
{Heap after GC invocations=66 (full 0):
 garbage-first heap   total 397312K, used 314578K [0x0000000080000000, 0x0000000100000000)
  region size 1024K, 3 young (3072K), 3 survivors (3072K)
 Metaspace       used 182876K, committed 184000K, reserved 1212416K
  class space    used 23337K, committed 23872K, reserved 1048576K
}
Event: 5560.363 GC heap before
{Heap before GC invocations=66 (full 0):
 garbage-first heap   total 397312K, used 350418K [0x0000000080000000, 0x0000000100000000)
  region size 1024K, 35 young (35840K), 3 survivors (3072K)
 Metaspace       used 183411K, committed 184512K, reserved 1212416K
  class space    used 23410K, committed 23936K, reserved 1048576K
}
Event: 5560.381 GC heap after
{Heap after GC invocations=67 (full 0):
 garbage-first heap   total 465920K, used 322338K [0x0000000080000000, 0x0000000100000000)
  region size 1024K, 4 young (4096K), 4 survivors (4096K)
 Metaspace       used 183411K, committed 184512K, reserved 1212416K
  class space    used 23410K, committed 23936K, reserved 1048576K
}
Event: 5561.374 GC heap before
{Heap before GC invocations=67 (full 0):
 garbage-first heap   total 465920K, used 381730K [0x0000000080000000, 0x0000000100000000)
  region size 1024K, 38 young (38912K), 4 survivors (4096K)
 Metaspace       used 186811K, committed 187968K, reserved 1220608K
  class space    used 23892K, committed 24448K, reserved 1048576K
}
Event: 5561.403 GC heap after
{Heap after GC invocations=68 (full 0):
 garbage-first heap   total 465920K, used 346378K [0x0000000080000000, 0x0000000100000000)
  region size 1024K, 10 young (10240K), 10 survivors (10240K)
 Metaspace       used 186811K, committed 187968K, reserved 1220608K
  class space    used 23892K, committed 24448K, reserved 1048576K
}
Event: 5563.088 GC heap before
{Heap before GC invocations=68 (full 0):
 garbage-first heap   total 465920K, used 403722K [0x0000000080000000, 0x0000000100000000)
  region size 1024K, 57 young (58368K), 10 survivors (10240K)
 Metaspace       used 187144K, committed 188288K, reserved 1220608K
  class space    used 23939K, committed 24512K, reserved 1048576K
}
Event: 5563.148 GC heap after
{Heap after GC invocations=69 (full 0):
 garbage-first heap   total 465920K, used 364713K [0x0000000080000000, 0x0000000100000000)
  region size 1024K, 8 young (8192K), 8 survivors (8192K)
 Metaspace       used 187144K, committed 188288K, reserved 1220608K
  class space    used 23939K, committed 24512K, reserved 1048576K
}
Event: 5564.131 GC heap before
{Heap before GC invocations=69 (full 0):
 garbage-first heap   total 465920K, used 397481K [0x0000000080000000, 0x0000000100000000)
  region size 1024K, 40 young (40960K), 8 survivors (8192K)
 Metaspace       used 189681K, committed 190784K, reserved 1220608K
  class space    used 24447K, committed 24960K, reserved 1048576K
}
Event: 5564.195 GC heap after
{Heap after GC invocations=70 (full 0):
 garbage-first heap   total 465920K, used 378880K [0x0000000080000000, 0x0000000100000000)
  region size 1024K, 5 young (5120K), 5 survivors (5120K)
 Metaspace       used 189681K, committed 190784K, reserved 1220608K
  class space    used 24447K, committed 24960K, reserved 1048576K
}
Event: 5564.680 GC heap before
{Heap before GC invocations=70 (full 0):
 garbage-first heap   total 465920K, used 401408K [0x0000000080000000, 0x0000000100000000)
  region size 1024K, 27 young (27648K), 5 survivors (5120K)
 Metaspace       used 189760K, committed 190848K, reserved 1220608K
  class space    used 24448K, committed 24960K, reserved 1048576K
}
Event: 5564.732 GC heap after
{Heap after GC invocations=71 (full 0):
 garbage-first heap   total 465920K, used 391680K [0x0000000080000000, 0x0000000100000000)
  region size 1024K, 4 young (4096K), 4 survivors (4096K)
 Metaspace       used 189760K, committed 190848K, reserved 1220608K
  class space    used 24448K, committed 24960K, reserved 1048576K
}
Event: 5564.935 GC heap before
{Heap before GC invocations=71 (full 0):
 garbage-first heap   total 465920K, used 410112K [0x0000000080000000, 0x0000000100000000)
  region size 1024K, 22 young (22528K), 4 survivors (4096K)
 Metaspace       used 189766K, committed 190848K, reserved 1220608K
  class space    used 24448K, committed 24960K, reserved 1048576K
}
Event: 5564.999 GC heap after
{Heap after GC invocations=72 (full 0):
 garbage-first heap   total 465920K, used 401408K [0x0000000080000000, 0x0000000100000000)
  region size 1024K, 3 young (3072K), 3 survivors (3072K)
 Metaspace       used 189766K, committed 190848K, reserved 1220608K
  class space    used 24448K, committed 24960K, reserved 1048576K
}
Event: 5565.276 GC heap before
{Heap before GC invocations=72 (full 0):
 garbage-first heap   total 465920K, used 420864K [0x0000000080000000, 0x0000000100000000)
  region size 1024K, 22 young (22528K), 3 survivors (3072K)
 Metaspace       used 189769K, committed 190848K, reserved 1220608K
  class space    used 24448K, committed 24960K, reserved 1048576K
}

