# JRE version: OpenJDK Runtime Environment (17.0.6) (build 17.0.6+0-b2043.56-10027231)
# Java VM: OpenJDK 64-Bit Server VM (17.0.6+0-b2043.56-10027231, mixed mode, tiered, compressed oops, compressed class ptrs, g1 gc, windows-amd64)
GC Precious Log:
 CPUs: 4 total, 4 available
 Memory: 3971M
 Large Page Support: Disabled
 NUMA Support: Disabled
 Compressed Oops: Enabled (32-bit)
 Heap Region Size: 1M
 Heap Min Capacity: 8M
 Heap Initial Capacity: 64M
 Heap Max Capacity: 2G
 Pre-touch: Disabled
 Parallel Workers: 4
 Concurrent Workers: 1
 Concurrent Refinement Workers: 4
 Periodic GC: Disabled
Heap:
 garbage-first heap   total 455680K, used 253251K [0x0000000080000000, 0x0000000100000000)
  region size 1024K, 10 young (10240K), 10 survivors (10240K)
 Metaspace       used 177082K, committed 178368K, reserved 1204224K
  class space    used 22922K, committed 23552K, reserved 1048576K
GC Heap History (20 events):
Event: 60.096 GC heap after
{Heap after GC invocations=55 (full 0):
 garbage-first heap   total 455680K, used 229888K [0x0000000080000000, 0x0000000100000000)
  region size 1024K, 12 young (12288K), 12 survivors (12288K)
 Metaspace       used 156194K, committed 157056K, reserved 1187840K
  class space    used 20319K, committed 20736K, reserved 1048576K
}
Event: 350.461 GC heap before
{Heap before GC invocations=56 (full 0):
 garbage-first heap   total 455680K, used 367104K [0x0000000080000000, 0x0000000100000000)
  region size 1024K, 147 young (150528K), 12 survivors (12288K)
 Metaspace       used 161482K, committed 162560K, reserved 1196032K
  class space    used 21036K, committed 21568K, reserved 1048576K
}
Event: 350.997 GC heap after
{Heap after GC invocations=57 (full 0):
 garbage-first heap   total 455680K, used 240640K [0x0000000080000000, 0x0000000100000000)
  region size 1024K, 11 young (11264K), 11 survivors (11264K)
 Metaspace       used 161482K, committed 162560K, reserved 1196032K
  class space    used 21036K, committed 21568K, reserved 1048576K
}
Event: 352.128 GC heap before
{Heap before GC invocations=57 (full 0):
 garbage-first heap   total 455680K, used 251904K [0x0000000080000000, 0x0000000100000000)
  region size 1024K, 22 young (22528K), 11 survivors (11264K)
 Metaspace       used 162898K, committed 163968K, reserved 1196032K
  class space    used 21108K, committed 21632K, reserved 1048576K
}
Event: 352.250 GC heap after
{Heap after GC invocations=58 (full 0):
 garbage-first heap   total 455680K, used 237568K [0x0000000080000000, 0x0000000100000000)
  region size 1024K, 2 young (2048K), 2 survivors (2048K)
 Metaspace       used 162898K, committed 163968K, reserved 1196032K
  class space    used 21108K, committed 21632K, reserved 1048576K
}
Event: 687.471 GC heap before
{Heap before GC invocations=58 (full 0):
 garbage-first heap   total 455680K, used 363520K [0x0000000080000000, 0x0000000100000000)
  region size 1024K, 126 young (129024K), 2 survivors (2048K)
 Metaspace       used 168263K, committed 169408K, reserved 1196032K
  class space    used 21760K, committed 22336K, reserved 1048576K
}
Event: 687.954 GC heap after
{Heap after GC invocations=59 (full 0):
 garbage-first heap   total 455680K, used 244880K [0x0000000080000000, 0x0000000100000000)
  region size 1024K, 10 young (10240K), 10 survivors (10240K)
 Metaspace       used 168263K, committed 169408K, reserved 1196032K
  class space    used 21760K, committed 22336K, reserved 1048576K
}
Event: 688.987 GC heap before
{Heap before GC invocations=59 (full 0):
 garbage-first heap   total 455680K, used 257168K [0x0000000080000000, 0x0000000100000000)
  region size 1024K, 22 young (22528K), 10 survivors (10240K)
 Metaspace       used 168602K, committed 169792K, reserved 1196032K
  class space    used 21805K, committed 22400K, reserved 1048576K
}
Event: 689.051 GC heap after
{Heap after GC invocations=60 (full 0):
 garbage-first heap   total 455680K, used 247643K [0x0000000080000000, 0x0000000100000000)
  region size 1024K, 3 young (3072K), 3 survivors (3072K)
 Metaspace       used 168602K, committed 169792K, reserved 1196032K
  class space    used 21805K, committed 22400K, reserved 1048576K
}
Event: 690.559 GC heap before
{Heap before GC invocations=61 (full 0):
 garbage-first heap   total 455680K, used 280411K [0x0000000080000000, 0x0000000100000000)
  region size 1024K, 35 young (35840K), 3 survivors (3072K)
 Metaspace       used 169807K, committed 171008K, reserved 1204224K
  class space    used 21956K, committed 22528K, reserved 1048576K
}
Event: 690.584 GC heap after
{Heap after GC invocations=62 (full 0):
 garbage-first heap   total 455680K, used 251239K [0x0000000080000000, 0x0000000100000000)
  region size 1024K, 5 young (5120K), 5 survivors (5120K)
 Metaspace       used 169807K, committed 171008K, reserved 1204224K
  class space    used 21956K, committed 22528K, reserved 1048576K
}
Event: 690.792 GC heap before
{Heap before GC invocations=62 (full 0):
 garbage-first heap   total 455680K, used 268647K [0x0000000080000000, 0x0000000100000000)
  region size 1024K, 22 young (22528K), 5 survivors (5120K)
 Metaspace       used 169846K, committed 171008K, reserved 1204224K
  class space    used 21958K, committed 22528K, reserved 1048576K
}
Event: 690.877 GC heap after
{Heap after GC invocations=63 (full 0):
 garbage-first heap   total 455680K, used 245599K [0x0000000080000000, 0x0000000100000000)
  region size 1024K, 3 young (3072K), 3 survivors (3072K)
 Metaspace       used 169846K, committed 171008K, reserved 1204224K
  class space    used 21958K, committed 22528K, reserved 1048576K
}
Event: 693.315 GC heap before
{Heap before GC invocations=63 (full 0):
 garbage-first heap   total 455680K, used 304991K [0x0000000080000000, 0x0000000100000000)
  region size 1024K, 62 young (63488K), 3 survivors (3072K)
 Metaspace       used 172810K, committed 174016K, reserved 1204224K
  class space    used 22394K, committed 22976K, reserved 1048576K
}
Event: 693.356 GC heap after
{Heap after GC invocations=64 (full 0):
 garbage-first heap   total 455680K, used 251904K [0x0000000080000000, 0x0000000100000000)
  region size 1024K, 8 young (8192K), 8 survivors (8192K)
 Metaspace       used 172810K, committed 174016K, reserved 1204224K
  class space    used 22394K, committed 22976K, reserved 1048576K
}
Event: 694.780 GC heap before
{Heap before GC invocations=65 (full 0):
 garbage-first heap   total 455680K, used 274432K [0x0000000080000000, 0x0000000100000000)
  region size 1024K, 31 young (31744K), 8 survivors (8192K)
 Metaspace       used 175521K, committed 176704K, reserved 1204224K
  class space    used 22737K, committed 23296K, reserved 1048576K
}
Event: 694.820 GC heap after
{Heap after GC invocations=66 (full 0):
 garbage-first heap   total 455680K, used 254937K [0x0000000080000000, 0x0000000100000000)
  region size 1024K, 3 young (3072K), 3 survivors (3072K)
 Metaspace       used 175521K, committed 176704K, reserved 1204224K
  class space    used 22737K, committed 23296K, reserved 1048576K
}
Event: 695.484 GC heap before
{Heap before GC invocations=66 (full 0):
 garbage-first heap   total 455680K, used 273369K [0x0000000080000000, 0x0000000100000000)
  region size 1024K, 22 young (22528K), 3 survivors (3072K)
 Metaspace       used 175796K, committed 176960K, reserved 1204224K
  class space    used 22783K, committed 23360K, reserved 1048576K
}
Event: 695.546 GC heap after
{Heap after GC invocations=67 (full 0):
 garbage-first heap   total 455680K, used 245219K [0x0000000080000000, 0x0000000100000000)
  region size 1024K, 2 young (2048K), 2 survivors (2048K)
 Metaspace       used 175796K, committed 176960K, reserved 1204224K
  class space    used 22783K, committed 23360K, reserved 1048576K
}
Event: 702.042 GC heap before
{Heap before GC invocations=67 (full 0):
 garbage-first heap   total 455680K, used 369123K [0x0000000080000000, 0x0000000100000000)
  region size 1024K, 125 young (128000K), 2 survivors (2048K)
 Metaspace       used 177082K, committed 178368K, reserved 1204224K
  class space    used 22922K, committed 23552K, reserved 1048576K
}

