# JRE version: OpenJDK Runtime Environment (17.0.6) (build 17.0.6+0-b2043.56-10027231)
# Java VM: OpenJDK 64-Bit Server VM (17.0.6+0-b2043.56-10027231, mixed mode, tiered, compressed oops, compressed class ptrs, g1 gc, windows-amd64)
GC Precious Log:
 CPUs: 4 total, 4 available
 Memory: 3971M
 Large Page Support: Disabled
 NUMA Support: Disabled
 Compressed Oops: Enabled (32-bit)
 Heap Region Size: 1M
 Heap Min Capacity: 8M
 Heap Initial Capacity: 64M
 Heap Max Capacity: 2G
 Pre-touch: Disabled
 Parallel Workers: 4
 Concurrent Workers: 1
 Concurrent Refinement Workers: 4
 Periodic GC: Disabled
Heap:
 garbage-first heap   total 538624K, used 430446K [0x0000000080000000, 0x0000000100000000)
  region size 1024K, 188 young (192512K), 11 survivors (11264K)
 Metaspace       used 141043K, committed 142016K, reserved 1179648K
  class space    used 18982K, committed 19456K, reserved 1048576K
GC Heap History (20 events):
Event: 41.248 GC heap before
{Heap before GC invocations=40 (full 0):
 garbage-first heap   total 265216K, used 103196K [0x0000000080000000, 0x0000000100000000)
  region size 1024K, 12 young (12288K), 6 survivors (6144K)
 Metaspace       used 119033K, committed 119808K, reserved 1155072K
  class space    used 16350K, committed 16704K, reserved 1048576K
}
Event: 41.273 GC heap after
{Heap after GC invocations=41 (full 0):
 garbage-first heap   total 265216K, used 97031K [0x0000000080000000, 0x0000000100000000)
  region size 1024K, 2 young (2048K), 2 survivors (2048K)
 Metaspace       used 119033K, committed 119808K, reserved 1155072K
  class space    used 16350K, committed 16704K, reserved 1048576K
}
Event: 130.643 GC heap before
{Heap before GC invocations=41 (full 0):
 garbage-first heap   total 265216K, used 249607K [0x0000000080000000, 0x0000000100000000)
  region size 1024K, 119 young (121856K), 2 survivors (2048K)
 Metaspace       used 124969K, committed 125824K, reserved 1163264K
  class space    used 17060K, committed 17472K, reserved 1048576K
}
Event: 131.090 GC heap after
{Heap after GC invocations=42 (full 0):
 garbage-first heap   total 269312K, used 115270K [0x0000000080000000, 0x0000000100000000)
  region size 1024K, 15 young (15360K), 15 survivors (15360K)
 Metaspace       used 124969K, committed 125824K, reserved 1163264K
  class space    used 17060K, committed 17472K, reserved 1048576K
}
Event: 135.406 GC heap before
{Heap before GC invocations=43 (full 0):
 garbage-first heap   total 269312K, used 153158K [0x0000000080000000, 0x0000000100000000)
  region size 1024K, 53 young (54272K), 15 survivors (15360K)
 Metaspace       used 126239K, committed 127040K, reserved 1163264K
  class space    used 17196K, committed 17600K, reserved 1048576K
}
Event: 135.779 GC heap after
{Heap after GC invocations=44 (full 0):
 garbage-first heap   total 269312K, used 129156K [0x0000000080000000, 0x0000000100000000)
  region size 1024K, 7 young (7168K), 7 survivors (7168K)
 Metaspace       used 126239K, committed 127040K, reserved 1163264K
  class space    used 17196K, committed 17600K, reserved 1048576K
}
Event: 136.870 GC heap before
{Heap before GC invocations=44 (full 0):
 garbage-first heap   total 269312K, used 151684K [0x0000000080000000, 0x0000000100000000)
  region size 1024K, 13 young (13312K), 7 survivors (7168K)
 Metaspace       used 126728K, committed 127552K, reserved 1163264K
  class space    used 17239K, committed 17600K, reserved 1048576K
}
Event: 136.903 GC heap after
{Heap after GC invocations=45 (full 0):
 garbage-first heap   total 269312K, used 129862K [0x0000000080000000, 0x0000000100000000)
  region size 1024K, 2 young (2048K), 2 survivors (2048K)
 Metaspace       used 126728K, committed 127552K, reserved 1163264K
  class space    used 17239K, committed 17600K, reserved 1048576K
}
Event: 141.795 GC heap before
{Heap before GC invocations=45 (full 0):
 garbage-first heap   total 269312K, used 184134K [0x0000000080000000, 0x0000000100000000)
  region size 1024K, 56 young (57344K), 2 survivors (2048K)
 Metaspace       used 129403K, committed 130240K, reserved 1163264K
  class space    used 17514K, committed 17920K, reserved 1048576K
}
Event: 141.850 GC heap after
{Heap after GC invocations=46 (full 0):
 garbage-first heap   total 538624K, used 136192K [0x0000000080000000, 0x0000000100000000)
  region size 1024K, 7 young (7168K), 7 survivors (7168K)
 Metaspace       used 129403K, committed 130240K, reserved 1163264K
  class space    used 17514K, committed 17920K, reserved 1048576K
}
Event: 232.405 GC heap before
{Heap before GC invocations=46 (full 0):
 garbage-first heap   total 538624K, used 230400K [0x0000000080000000, 0x0000000100000000)
  region size 1024K, 62 young (63488K), 7 survivors (7168K)
 Metaspace       used 131341K, committed 132352K, reserved 1163264K
  class space    used 17815K, committed 18304K, reserved 1048576K
}
Event: 232.513 GC heap after
{Heap after GC invocations=47 (full 0):
 garbage-first heap   total 538624K, used 169966K [0x0000000080000000, 0x0000000100000000)
  region size 1024K, 8 young (8192K), 8 survivors (8192K)
 Metaspace       used 131341K, committed 132352K, reserved 1163264K
  class space    used 17815K, committed 18304K, reserved 1048576K
}
Event: 239.860 GC heap before
{Heap before GC invocations=47 (full 0):
 garbage-first heap   total 538624K, used 260078K [0x0000000080000000, 0x0000000100000000)
  region size 1024K, 75 young (76800K), 8 survivors (8192K)
 Metaspace       used 134393K, committed 135360K, reserved 1171456K
  class space    used 18244K, committed 18752K, reserved 1048576K
}
Event: 239.908 GC heap after
{Heap after GC invocations=48 (full 0):
 garbage-first heap   total 538624K, used 203478K [0x0000000080000000, 0x0000000100000000)
  region size 1024K, 10 young (10240K), 10 survivors (10240K)
 Metaspace       used 134393K, committed 135360K, reserved 1171456K
  class space    used 18244K, committed 18752K, reserved 1048576K
}
Event: 243.473 GC heap before
{Heap before GC invocations=48 (full 0):
 garbage-first heap   total 538624K, used 294614K [0x0000000080000000, 0x0000000100000000)
  region size 1024K, 96 young (98304K), 10 survivors (10240K)
 Metaspace       used 135339K, committed 136384K, reserved 1171456K
  class space    used 18374K, committed 18880K, reserved 1048576K
}
Event: 243.568 GC heap after
{Heap after GC invocations=49 (full 0):
 garbage-first heap   total 538624K, used 223979K [0x0000000080000000, 0x0000000100000000)
  region size 1024K, 12 young (12288K), 12 survivors (12288K)
 Metaspace       used 135339K, committed 136384K, reserved 1171456K
  class space    used 18374K, committed 18880K, reserved 1048576K
}
Event: 244.923 GC heap before
{Heap before GC invocations=49 (full 0):
 garbage-first heap   total 538624K, used 286443K [0x0000000080000000, 0x0000000100000000)
  region size 1024K, 73 young (74752K), 12 survivors (12288K)
 Metaspace       used 135339K, committed 136384K, reserved 1171456K
  class space    used 18375K, committed 18880K, reserved 1048576K
}
Event: 244.972 GC heap after
{Heap after GC invocations=50 (full 0):
 garbage-first heap   total 538624K, used 227840K [0x0000000080000000, 0x0000000100000000)
  region size 1024K, 5 young (5120K), 5 survivors (5120K)
 Metaspace       used 135339K, committed 136384K, reserved 1171456K
  class space    used 18375K, committed 18880K, reserved 1048576K
}
Event: 250.195 GC heap before
{Heap before GC invocations=50 (full 0):
 garbage-first heap   total 538624K, used 384512K [0x0000000080000000, 0x0000000100000000)
  region size 1024K, 158 young (161792K), 5 survivors (5120K)
 Metaspace       used 135344K, committed 136384K, reserved 1171456K
  class space    used 18375K, committed 18880K, reserved 1048576K
}
Event: 250.230 GC heap after
{Heap after GC invocations=51 (full 0):
 garbage-first heap   total 538624K, used 233838K [0x0000000080000000, 0x0000000100000000)
  region size 1024K, 11 young (11264K), 11 survivors (11264K)
 Metaspace       used 135344K, committed 136384K, reserved 1171456K
  class space    used 18375K, committed 18880K, reserved 1048576K
}

