# JRE version: OpenJDK Runtime Environment (17.0.6) (build 17.0.6+0-b2043.56-10027231)
# Java VM: OpenJDK 64-Bit Server VM (17.0.6+0-b2043.56-10027231, mixed mode, tiered, compressed oops, compressed class ptrs, g1 gc, windows-amd64)
GC Precious Log:
 CPUs: 4 total, 4 available
 Memory: 3971M
 Large Page Support: Disabled
 NUMA Support: Disabled
 Compressed Oops: Enabled (32-bit)
 Heap Region Size: 1M
 Heap Min Capacity: 8M
 Heap Initial Capacity: 64M
 Heap Max Capacity: 2G
 Pre-touch: Disabled
 Parallel Workers: 4
 Concurrent Workers: 1
 Concurrent Refinement Workers: 4
 Periodic GC: Disabled
Heap:
 garbage-first heap   total 455680K, used 227797K [0x0000000080000000, 0x0000000100000000)
  region size 1024K, 13 young (13312K), 13 survivors (13312K)
 Metaspace       used 157260K, committed 158144K, reserved 1187840K
  class space    used 20497K, committed 20928K, reserved 1048576K
GC Heap History (20 events):
Event: 24.242 GC heap after
{Heap after GC invocations=52 (full 0):
 garbage-first heap   total 455680K, used 116736K [0x0000000080000000, 0x0000000100000000)
  region size 1024K, 4 young (4096K), 4 survivors (4096K)
 Metaspace       used 87976K, committed 88704K, reserved 1130496K
  class space    used 12137K, committed 12480K, reserved 1048576K
}
Event: 28.707 GC heap before
{Heap before GC invocations=52 (full 0):
 garbage-first heap   total 455680K, used 266240K [0x0000000080000000, 0x0000000100000000)
  region size 1024K, 144 young (147456K), 4 survivors (4096K)
 Metaspace       used 104283K, committed 105024K, reserved 1146880K
  class space    used 13918K, committed 14272K, reserved 1048576K
}
Event: 28.804 GC heap after
{Heap after GC invocations=53 (full 0):
 garbage-first heap   total 455680K, used 136693K [0x0000000080000000, 0x0000000100000000)
  region size 1024K, 18 young (18432K), 18 survivors (18432K)
 Metaspace       used 104283K, committed 105024K, reserved 1146880K
  class space    used 13918K, committed 14272K, reserved 1048576K
}
Event: 33.292 GC heap before
{Heap before GC invocations=53 (full 0):
 garbage-first heap   total 455680K, used 301557K [0x0000000080000000, 0x0000000100000000)
  region size 1024K, 178 young (182272K), 18 survivors (18432K)
 Metaspace       used 115339K, committed 116096K, reserved 1155072K
  class space    used 15135K, committed 15488K, reserved 1048576K
}
Event: 33.538 GC heap after
{Heap after GC invocations=54 (full 0):
 garbage-first heap   total 455680K, used 149369K [0x0000000080000000, 0x0000000100000000)
  region size 1024K, 13 young (13312K), 13 survivors (13312K)
 Metaspace       used 115339K, committed 116096K, reserved 1155072K
  class space    used 15135K, committed 15488K, reserved 1048576K
}
Event: 38.976 GC heap before
{Heap before GC invocations=54 (full 0):
 garbage-first heap   total 455680K, used 283513K [0x0000000080000000, 0x0000000100000000)
  region size 1024K, 143 young (146432K), 13 survivors (13312K)
 Metaspace       used 135045K, committed 135808K, reserved 1171456K
  class space    used 17654K, committed 17984K, reserved 1048576K
}
Event: 39.075 GC heap after
{Heap after GC invocations=55 (full 0):
 garbage-first heap   total 455680K, used 155136K [0x0000000080000000, 0x0000000100000000)
  region size 1024K, 6 young (6144K), 6 survivors (6144K)
 Metaspace       used 135045K, committed 135808K, reserved 1171456K
  class space    used 17654K, committed 17984K, reserved 1048576K
}
Event: 41.908 GC heap before
{Heap before GC invocations=55 (full 0):
 garbage-first heap   total 455680K, used 241152K [0x0000000080000000, 0x0000000100000000)
  region size 1024K, 70 young (71680K), 6 survivors (6144K)
 Metaspace       used 141284K, committed 142080K, reserved 1179648K
  class space    used 18573K, committed 18944K, reserved 1048576K
}
Event: 41.948 GC heap after
{Heap after GC invocations=56 (full 0):
 garbage-first heap   total 455680K, used 179864K [0x0000000080000000, 0x0000000100000000)
  region size 1024K, 14 young (14336K), 14 survivors (14336K)
 Metaspace       used 141284K, committed 142080K, reserved 1179648K
  class space    used 18573K, committed 18944K, reserved 1048576K
}
Event: 47.351 GC heap before
{Heap before GC invocations=57 (full 0):
 garbage-first heap   total 455680K, used 364184K [0x0000000080000000, 0x0000000100000000)
  region size 1024K, 191 young (195584K), 14 survivors (14336K)
 Metaspace       used 142413K, committed 143296K, reserved 1179648K
  class space    used 18734K, committed 19136K, reserved 1048576K
}
Event: 47.425 GC heap after
{Heap after GC invocations=58 (full 0):
 garbage-first heap   total 455680K, used 202906K [0x0000000080000000, 0x0000000100000000)
  region size 1024K, 24 young (24576K), 24 survivors (24576K)
 Metaspace       used 142413K, committed 143296K, reserved 1179648K
  class space    used 18734K, committed 19136K, reserved 1048576K
}
Event: 47.488 GC heap before
{Heap before GC invocations=58 (full 0):
 garbage-first heap   total 455680K, used 203930K [0x0000000080000000, 0x0000000100000000)
  region size 1024K, 25 young (25600K), 24 survivors (24576K)
 Metaspace       used 142413K, committed 143296K, reserved 1179648K
  class space    used 18734K, committed 19136K, reserved 1048576K
}
Event: 47.547 GC heap after
{Heap after GC invocations=59 (full 0):
 garbage-first heap   total 455680K, used 204263K [0x0000000080000000, 0x0000000100000000)
  region size 1024K, 2 young (2048K), 2 survivors (2048K)
 Metaspace       used 142413K, committed 143296K, reserved 1179648K
  class space    used 18734K, committed 19136K, reserved 1048576K
}
Event: 52.565 GC heap before
{Heap before GC invocations=59 (full 0):
 garbage-first heap   total 455680K, used 355815K [0x0000000080000000, 0x0000000100000000)
  region size 1024K, 150 young (153600K), 2 survivors (2048K)
 Metaspace       used 142416K, committed 143296K, reserved 1179648K
  class space    used 18735K, committed 19136K, reserved 1048576K
}
Event: 52.588 GC heap after
{Heap after GC invocations=60 (full 0):
 garbage-first heap   total 455680K, used 210356K [0x0000000080000000, 0x0000000100000000)
  region size 1024K, 8 young (8192K), 8 survivors (8192K)
 Metaspace       used 142416K, committed 143296K, reserved 1179648K
  class space    used 18735K, committed 19136K, reserved 1048576K
}
Event: 57.370 GC heap before
{Heap before GC invocations=61 (full 0):
 garbage-first heap   total 455680K, used 376244K [0x0000000080000000, 0x0000000100000000)
  region size 1024K, 156 young (159744K), 8 survivors (8192K)
 Metaspace       used 149942K, committed 150848K, reserved 1179648K
  class space    used 19735K, committed 20160K, reserved 1048576K
}
Event: 57.436 GC heap after
{Heap after GC invocations=62 (full 0):
 garbage-first heap   total 455680K, used 220887K [0x0000000080000000, 0x0000000100000000)
  region size 1024K, 20 young (20480K), 20 survivors (20480K)
 Metaspace       used 149942K, committed 150848K, reserved 1179648K
  class space    used 19735K, committed 20160K, reserved 1048576K
}
Event: 57.504 GC heap before
{Heap before GC invocations=62 (full 0):
 garbage-first heap   total 455680K, used 222935K [0x0000000080000000, 0x0000000100000000)
  region size 1024K, 22 young (22528K), 20 survivors (20480K)
 Metaspace       used 150069K, committed 150912K, reserved 1179648K
  class space    used 19760K, committed 20160K, reserved 1048576K
}
Event: 57.541 GC heap after
{Heap after GC invocations=63 (full 0):
 garbage-first heap   total 455680K, used 216680K [0x0000000080000000, 0x0000000100000000)
  region size 1024K, 2 young (2048K), 2 survivors (2048K)
 Metaspace       used 150069K, committed 150912K, reserved 1179648K
  class space    used 19760K, committed 20160K, reserved 1048576K
}
Event: 61.437 GC heap before
{Heap before GC invocations=63 (full 0):
 garbage-first heap   total 455680K, used 363112K [0x0000000080000000, 0x0000000100000000)
  region size 1024K, 145 young (148480K), 2 survivors (2048K)
 Metaspace       used 157260K, committed 158144K, reserved 1187840K
  class space    used 20497K, committed 20928K, reserved 1048576K
}

