# JRE version: OpenJDK Runtime Environment (17.0.6) (build 17.0.6+0-b2043.56-10027231)
# Java VM: OpenJDK 64-Bit Server VM (17.0.6+0-b2043.56-10027231, mixed mode, tiered, compressed oops, compressed class ptrs, g1 gc, windows-amd64)
GC Precious Log:
 CPUs: 4 total, 4 available
 Memory: 3971M
 Large Page Support: Disabled
 NUMA Support: Disabled
 Compressed Oops: Enabled (32-bit)
 Heap Region Size: 1M
 Heap Min Capacity: 8M
 Heap Initial Capacity: 64M
 Heap Max Capacity: 2G
 Pre-touch: Disabled
 Parallel Workers: 4
 Concurrent Workers: 1
 Concurrent Refinement Workers: 4
 Periodic GC: Disabled
Heap:
 garbage-first heap   total 526336K, used 122854K [0x0000000080000000, 0x0000000100000000)
  region size 1024K, 3 young (3072K), 3 survivors (3072K)
 Metaspace       used 121702K, committed 122560K, reserved 1155072K
  class space    used 16929K, committed 17344K, reserved 1048576K
GC Heap History (20 events):
Event: 34.688 GC heap after
{Heap after GC invocations=51 (full 0):
 garbage-first heap   total 252928K, used 140304K [0x0000000080000000, 0x0000000100000000)
  region size 1024K, 7 young (7168K), 7 survivors (7168K)
 Metaspace       used 99952K, committed 100672K, reserved 1138688K
  class space    used 13806K, committed 14144K, reserved 1048576K
}
Event: 34.885 GC heap before
{Heap before GC invocations=51 (full 0):
 garbage-first heap   total 252928K, used 145424K [0x0000000080000000, 0x0000000100000000)
  region size 1024K, 12 young (12288K), 7 survivors (7168K)
 Metaspace       used 100353K, committed 101056K, reserved 1138688K
  class space    used 13847K, committed 14208K, reserved 1048576K
}
Event: 34.919 GC heap after
{Heap after GC invocations=52 (full 0):
 garbage-first heap   total 526336K, used 141960K [0x0000000080000000, 0x0000000100000000)
  region size 1024K, 2 young (2048K), 2 survivors (2048K)
 Metaspace       used 100353K, committed 101056K, reserved 1138688K
  class space    used 13847K, committed 14208K, reserved 1048576K
}
Event: 39.244 GC heap before
{Heap before GC invocations=52 (full 0):
 garbage-first heap   total 526336K, used 324232K [0x0000000080000000, 0x0000000100000000)
  region size 1024K, 182 young (186368K), 2 survivors (2048K)
 Metaspace       used 105144K, committed 105856K, reserved 1146880K
  class space    used 14477K, committed 14784K, reserved 1048576K
}
Event: 39.417 GC heap after
{Heap after GC invocations=53 (full 0):
 garbage-first heap   total 526336K, used 195976K [0x0000000080000000, 0x0000000100000000)
  region size 1024K, 31 young (31744K), 31 survivors (31744K)
 Metaspace       used 105144K, committed 105856K, reserved 1146880K
  class space    used 14477K, committed 14784K, reserved 1048576K
}
Event: 42.580 GC heap before
{Heap before GC invocations=54 (full 0):
 garbage-first heap   total 526336K, used 345480K [0x0000000080000000, 0x0000000100000000)
  region size 1024K, 159 young (162816K), 31 survivors (31744K)
 Metaspace       used 105920K, committed 106688K, reserved 1146880K
  class space    used 14560K, committed 14912K, reserved 1048576K
}
Event: 42.661 GC heap after
{Heap after GC invocations=55 (full 0):
 garbage-first heap   total 526336K, used 223296K [0x0000000080000000, 0x0000000100000000)
  region size 1024K, 11 young (11264K), 11 survivors (11264K)
 Metaspace       used 105920K, committed 106688K, reserved 1146880K
  class space    used 14560K, committed 14912K, reserved 1048576K
}
Event: 42.750 GC heap before
{Heap before GC invocations=55 (full 0):
 garbage-first heap   total 526336K, used 237632K [0x0000000080000000, 0x0000000100000000)
  region size 1024K, 25 young (25600K), 11 survivors (11264K)
 Metaspace       used 105921K, committed 106688K, reserved 1146880K
  class space    used 14560K, committed 14912K, reserved 1048576K
}
Event: 42.804 GC heap after
{Heap after GC invocations=56 (full 0):
 garbage-first heap   total 526336K, used 221727K [0x0000000080000000, 0x0000000100000000)
  region size 1024K, 2 young (2048K), 2 survivors (2048K)
 Metaspace       used 105921K, committed 106688K, reserved 1146880K
  class space    used 14560K, committed 14912K, reserved 1048576K
}
Event: 43.391 GC heap before
{Heap before GC invocations=56 (full 0):
 garbage-first heap   total 526336K, used 253471K [0x0000000080000000, 0x0000000100000000)
  region size 1024K, 34 young (34816K), 2 survivors (2048K)
 Metaspace       used 106092K, committed 106816K, reserved 1146880K
  class space    used 14577K, committed 14912K, reserved 1048576K
}
Event: 43.396 GC heap after
{Heap after GC invocations=57 (full 0):
 garbage-first heap   total 526336K, used 220883K [0x0000000080000000, 0x0000000100000000)
  region size 1024K, 2 young (2048K), 2 survivors (2048K)
 Metaspace       used 106092K, committed 106816K, reserved 1146880K
  class space    used 14577K, committed 14912K, reserved 1048576K
}
Event: 85.280 GC heap before
{Heap before GC invocations=58 (full 0):
 garbage-first heap   total 526336K, used 399059K [0x0000000080000000, 0x0000000100000000)
  region size 1024K, 159 young (162816K), 2 survivors (2048K)
 Metaspace       used 108225K, committed 109120K, reserved 1146880K
  class space    used 14767K, committed 15232K, reserved 1048576K
}
Event: 85.323 GC heap after
{Heap after GC invocations=59 (full 0):
 garbage-first heap   total 526336K, used 223218K [0x0000000080000000, 0x0000000100000000)
  region size 1024K, 6 young (6144K), 6 survivors (6144K)
 Metaspace       used 108225K, committed 109120K, reserved 1146880K
  class space    used 14767K, committed 15232K, reserved 1048576K
}
Event: 86.181 GC heap before
{Heap before GC invocations=59 (full 0):
 garbage-first heap   total 526336K, used 241650K [0x0000000080000000, 0x0000000100000000)
  region size 1024K, 25 young (25600K), 6 survivors (6144K)
 Metaspace       used 108307K, committed 109184K, reserved 1146880K
  class space    used 14774K, committed 15232K, reserved 1048576K
}
Event: 86.423 GC heap after
{Heap after GC invocations=60 (full 0):
 garbage-first heap   total 526336K, used 191344K [0x0000000080000000, 0x0000000100000000)
  region size 1024K, 3 young (3072K), 3 survivors (3072K)
 Metaspace       used 108307K, committed 109184K, reserved 1146880K
  class space    used 14774K, committed 15232K, reserved 1048576K
}
Event: 238.987 GC heap before
{Heap before GC invocations=60 (full 0):
 garbage-first heap   total 526336K, used 280432K [0x0000000080000000, 0x0000000100000000)
  region size 1024K, 92 young (94208K), 3 survivors (3072K)
 Metaspace       used 116209K, committed 117184K, reserved 1155072K
  class space    used 16217K, committed 16704K, reserved 1048576K
}
Event: 239.237 GC heap after
{Heap after GC invocations=61 (full 0):
 garbage-first heap   total 526336K, used 194952K [0x0000000080000000, 0x0000000100000000)
  region size 1024K, 6 young (6144K), 6 survivors (6144K)
 Metaspace       used 116209K, committed 117184K, reserved 1155072K
  class space    used 16217K, committed 16704K, reserved 1048576K
}
Event: 241.092 GC heap before
{Heap before GC invocations=62 (full 0):
 garbage-first heap   total 488448K, used 160136K [0x0000000080000000, 0x0000000100000000)
  region size 1024K, 29 young (29696K), 6 survivors (6144K)
 Metaspace       used 119075K, committed 120000K, reserved 1155072K
  class space    used 16604K, committed 17024K, reserved 1048576K
}
Event: 241.125 GC heap after
{Heap after GC invocations=63 (full 0):
 garbage-first heap   total 488448K, used 137691K [0x0000000080000000, 0x0000000100000000)
  region size 1024K, 2 young (2048K), 2 survivors (2048K)
 Metaspace       used 119075K, committed 120000K, reserved 1155072K
  class space    used 16604K, committed 17024K, reserved 1048576K
}
Event: 241.777 GC heap before
{Heap before GC invocations=63 (full 0):
 garbage-first heap   total 488448K, used 164315K [0x0000000080000000, 0x0000000100000000)
  region size 1024K, 23 young (23552K), 2 survivors (2048K)
 Metaspace       used 121702K, committed 122560K, reserved 1155072K
  class space    used 16929K, committed 17344K, reserved 1048576K
}

